#
# There is insufficient memory for the Java Runtime Environment to continue.
# Native memory allocation (mmap) failed to map 130023424 bytes for Failed to commit area from 0x0000000085000000 to 0x000000008cc00000 of length 130023424.
# Possible reasons:
#   The system is out of physical RAM or swap space
#   The process is running with CompressedOops enabled, and the Java Heap may be blocking the growth of the native heap
# Possible solutions:
#   Reduce memory load on the system
#   Increase physical memory or swap space
#   Check if swap backing store is full
#   Decrease Java heap size (-Xmx/-Xms)
#   Decrease number of Java threads
#   Decrease Java thread stack sizes (-Xss)
#   Set larger code cache with -XX:ReservedCodeCacheSize=
# This output file may be truncated or incomplete.
#
#  Out of Memory Error (./src/hotspot/os/windows/os_windows.cpp:3303), pid=35224, tid=4304
#
# JRE version:  (11.0.8+10) (build )
# Java VM: OpenJDK 64-Bit Server VM (11.0.8+10, mixed mode, sharing, tiered, compressed oops, g1 gc, windows-amd64)
# No core dump will be written. Minidumps are not enabled by default on client versions of Windows
#

---------------  S U M M A R Y ------------

Command Line: -ea -Didea.test.cyclic.buffer.size=1048576 -javaagent:C:\Users\alice\AppData\Local\JetBrains\IntelliJ IDEA Community Edition 2022.3.3\lib\idea_rt.jar=12810:C:\Users\alice\AppData\Local\JetBrains\IntelliJ IDEA Community Edition 2022.3.3\bin -Dfile.encoding=UTF-8 com.intellij.rt.junit.JUnitStarter -ideVersion5 -junit4 u03.ExercisesTest,testConstant

Host: Intel(R) Core(TM) i5-1035G4 CPU @ 1.10GHz, 8 cores, 7G,  Windows 10 , 64 bit Build 22000 (10.0.22000.1335)
Time: Sat Mar 25 18:16:24 2023 ora solare Europa occidentale elapsed time: 0 seconds (0d 0h 0m 0s)

---------------  T H R E A D  ---------------

Current thread (0x000001a8417a3000):  JavaThread "Unknown thread" [_thread_in_vm, id=4304, stack(0x0000008b74600000,0x0000008b74700000)]

Stack: [0x0000008b74600000,0x0000008b74700000]
Native frames: (J=compiled Java code, j=interpreted, Vv=VM code, C=native code)
V  [jvm.dll+0x5dfa5a]
V  [jvm.dll+0x7175ce]
V  [jvm.dll+0x718c9f]
V  [jvm.dll+0x719363]
V  [jvm.dll+0x240e48]
V  [jvm.dll+0x5dccca]
V  [jvm.dll+0x5d1935]
V  [jvm.dll+0x2f650c]
V  [jvm.dll+0x2f6392]
V  [jvm.dll+0x2fb046]
V  [jvm.dll+0x33f06f]
V  [jvm.dll+0x33eaa0]
V  [jvm.dll+0x2d38d8]
V  [jvm.dll+0x2d4a26]
V  [jvm.dll+0x6f32c7]
V  [jvm.dll+0x6f4a4f]
V  [jvm.dll+0x34bdf9]
V  [jvm.dll+0x6d66d0]
V  [jvm.dll+0x3b32ef]
V  [jvm.dll+0x3b55a1]
C  [jli.dll+0x520b]
C  [ucrtbase.dll+0x26c0c]
C  [KERNEL32.DLL+0x155a0]
C  [ntdll.dll+0x485b]


---------------  P R O C E S S  ---------------

Threads class SMR info:
_java_thread_list=0x000001a8416967c0, length=0, elements={
}

Java Threads: ( => current thread )

Other Threads:
  0x000001a8417b9000 GCTaskThread "GC Thread#0" [stack: 0x0000008b74700000,0x0000008b74800000] [id=20908]
  0x000001a8417e8800 ConcurrentGCThread "G1 Main Marker" [stack: 0x0000008b74800000,0x0000008b74900000] [id=11900]
  0x000001a8417eb000 ConcurrentGCThread "G1 Conc#0" [stack: 0x0000008b74900000,0x0000008b74a00000] [id=23184]

[error occurred during error reporting (printing all threads), id 0xc0000005, EXCEPTION_ACCESS_VIOLATION (0xc0000005) at pc=0x00007ff8e08c2f27]

VM state:not at safepoint (not fully initialized)

VM Mutex/Monitor currently owned by a thread:  ([mutex/lock_event])
[0x000001a84179dbc0] Heap_lock - owner thread: 0x000001a8417a3000

Heap address: 0x0000000085000000, size: 1968 MB, Compressed Oops mode: Non-zero based: 0x0000000085000000
Narrow klass base: 0x0000000000000000, Narrow klass shift: 0

GC Heap History (0 events):
No events

Deoptimization events (0 events):
No events

Classes redefined (0 events):
No events

Internal exceptions (0 events):
No events

Events (1 events):
Event: 0.020 Loaded shared library C:\Program Files\AdoptOpenJDK\jdk-11.0.8.10-hotspot\bin\zip.dll


Dynamic libraries:
0x00007ff7fb400000 - 0x00007ff7fb40d000 	C:\Program Files\AdoptOpenJDK\jdk-11.0.8.10-hotspot\bin\java.exe
0x00007ff95d460000 - 0x00007ff95d669000 	C:\WINDOWS\SYSTEM32\ntdll.dll
0x00007ff95d210000 - 0x00007ff95d2ce000 	C:\WINDOWS\System32\KERNEL32.DLL
0x00007ff95aac0000 - 0x00007ff95ae3b000 	C:\WINDOWS\System32\KERNELBASE.dll
0x00007ff95af00000 - 0x00007ff95b011000 	C:\WINDOWS\System32\ucrtbase.dll
0x00007ff9435d0000 - 0x00007ff9435e7000 	C:\Program Files\AdoptOpenJDK\jdk-11.0.8.10-hotspot\bin\jli.dll
0x00007ff942f20000 - 0x00007ff942f35000 	C:\Program Files\AdoptOpenJDK\jdk-11.0.8.10-hotspot\bin\VCRUNTIME140.dll
0x00007ff95c830000 - 0x00007ff95c9dd000 	C:\WINDOWS\System32\USER32.dll
0x00007ff95b020000 - 0x00007ff95b046000 	C:\WINDOWS\System32\win32u.dll
0x00007ff946ff0000 - 0x00007ff947295000 	C:\WINDOWS\WinSxS\amd64_microsoft.windows.common-controls_6595b64144ccf1df_6.0.22000.120_none_9d947278b86cc467\COMCTL32.dll
0x00007ff95cf30000 - 0x00007ff95cf59000 	C:\WINDOWS\System32\GDI32.dll
0x00007ff95b1c0000 - 0x00007ff95b2d8000 	C:\WINDOWS\System32\gdi32full.dll
0x00007ff95c780000 - 0x00007ff95c823000 	C:\WINDOWS\System32\msvcrt.dll
0x00007ff95aa20000 - 0x00007ff95aabd000 	C:\WINDOWS\System32\msvcp_win.dll
0x00007ff95caa0000 - 0x00007ff95cad2000 	C:\WINDOWS\System32\IMM32.DLL
0x00007ff9181a0000 - 0x00007ff91823b000 	C:\Program Files\AdoptOpenJDK\jdk-11.0.8.10-hotspot\bin\msvcp140.dll
0x00007ff8e05e0000 - 0x00007ff8e109d000 	C:\Program Files\AdoptOpenJDK\jdk-11.0.8.10-hotspot\bin\server\jvm.dll
0x00007ff95c9f0000 - 0x00007ff95ca9e000 	C:\WINDOWS\System32\ADVAPI32.dll
0x00007ff95bc80000 - 0x00007ff95bd1e000 	C:\WINDOWS\System32\sechost.dll
0x00007ff95c1f0000 - 0x00007ff95c310000 	C:\WINDOWS\System32\RPCRT4.dll
0x00007ff95c770000 - 0x00007ff95c778000 	C:\WINDOWS\System32\PSAPI.DLL
0x00007ff950b90000 - 0x00007ff950bc3000 	C:\WINDOWS\SYSTEM32\WINMM.dll
0x00007ff94aae0000 - 0x00007ff94aaea000 	C:\WINDOWS\SYSTEM32\VERSION.dll
0x00007ff94dd20000 - 0x00007ff94dd29000 	C:\WINDOWS\SYSTEM32\WSOCK32.dll
0x00007ff95d360000 - 0x00007ff95d3cf000 	C:\WINDOWS\System32\WS2_32.dll
0x00007ff959980000 - 0x00007ff959998000 	C:\WINDOWS\SYSTEM32\kernel.appcore.dll
0x00007ff9431b0000 - 0x00007ff9431c0000 	C:\Program Files\AdoptOpenJDK\jdk-11.0.8.10-hotspot\bin\verify.dll
0x00007ff958330000 - 0x00007ff958551000 	C:\WINDOWS\SYSTEM32\DBGHELP.DLL
0x00007ff9456d0000 - 0x00007ff945701000 	C:\WINDOWS\SYSTEM32\dbgcore.DLL
0x00007ff95a9a0000 - 0x00007ff95aa1f000 	C:\WINDOWS\System32\bcryptPrimitives.dll
0x00007ff941080000 - 0x00007ff9410a8000 	C:\Program Files\AdoptOpenJDK\jdk-11.0.8.10-hotspot\bin\java.dll
0x00007ff943080000 - 0x00007ff94308a000 	C:\Program Files\AdoptOpenJDK\jdk-11.0.8.10-hotspot\bin\jimage.dll
0x00007ff953100000 - 0x00007ff95310e000 	C:\Program Files\AdoptOpenJDK\jdk-11.0.8.10-hotspot\bin\instrument.dll
0x00007ff93eb60000 - 0x00007ff93eb77000 	C:\Program Files\AdoptOpenJDK\jdk-11.0.8.10-hotspot\bin\zip.dll

dbghelp: loaded successfully - version: 4.0.5 - missing functions: none
symbol engine: initialized successfully - sym options: 0x614 - pdb path: .;C:\Program Files\AdoptOpenJDK\jdk-11.0.8.10-hotspot\bin;C:\WINDOWS\SYSTEM32;C:\WINDOWS\WinSxS\amd64_microsoft.windows.common-controls_6595b64144ccf1df_6.0.22000.120_none_9d947278b86cc467;C:\Program Files\AdoptOpenJDK\jdk-11.0.8.10-hotspot\bin\server

VM Arguments:
jvm_args: -ea -Didea.test.cyclic.buffer.size=1048576 -javaagent:C:\Users\alice\AppData\Local\JetBrains\IntelliJ IDEA Community Edition 2022.3.3\lib\idea_rt.jar=12810:C:\Users\alice\AppData\Local\JetBrains\IntelliJ IDEA Community Edition 2022.3.3\bin -Dfile.encoding=UTF-8 
java_command: com.intellij.rt.junit.JUnitStarter -ideVersion5 -junit4 u03.ExercisesTest,testConstant
java_class_path (initial): C:\Users\alice\AppData\Local\JetBrains\IntelliJ IDEA Community Edition 2022.3.3\lib\idea_rt.jar;C:\Users\alice\AppData\Local\JetBrains\IntelliJ IDEA Community Edition 2022.3.3\plugins\junit\lib\junit5-rt.jar;C:\Users\alice\AppData\Local\JetBrains\IntelliJ IDEA Community Edition 2022.3.3\plugins\junit\lib\junit-rt.jar;C:\Users\alice\OneDrive\Desktop\labo_paradigmi_viroli\pps-22-23-lab03\target\scala-3.2.2\test-classes;C:\Users\alice\OneDrive\Desktop\labo_paradigmi_viroli\pps-22-23-lab03\target\scala-3.2.2\classes;C:\Users\alice\AppData\Local\Coursier\cache\v1\https\repo1.maven.org\maven2\com\github\sbt\junit-interface\0.13.3\junit-interface-0.13.3.jar;C:\Users\alice\AppData\Local\Coursier\cache\v1\https\repo1.maven.org\maven2\junit\junit\4.13.2\junit-4.13.2.jar;C:\Users\alice\AppData\Local\Coursier\cache\v1\https\repo1.maven.org\maven2\org\hamcrest\hamcrest-core\1.3\hamcrest-core-1.3.jar;C:\Users\alice\AppData\Local\Coursier\cache\v1\https\repo1.maven.org\maven2\org\scala-lang\scala-library\2.13.10\scala-library-2.13.10.jar;C:\Users\alice\AppData\Local\Coursier\cache\v1\https\repo1.maven.org\maven2\org\scala-lang\scala3-library_3\3.2.2\scala3-library_3-3.2.2.jar;C:\Users\alice\AppData\Local\Coursier\cache\v1\https\repo1.maven.org\maven2\org\scala-sbt\test-interface\1.0\test-interface-1.0.jar;C:\Users\alice\.m2\repository\org\junit\jupiter\junit-jupiter\5.8.1\junit-jupiter-5.8.1.jar;C:\Users\alice\.m2\repository\org\junit\jupiter\junit-jupiter-api\5.8.1\junit-jupiter-api-5.8.1.jar;C:\Users\alice\.m2\repository\org\opentest4j\opentest4j\1.2.0\opentest4j-1.2.0.jar;C:\Users\alice\.m2\repository\org\junit\platform\junit-platform-commons\1.8.1\junit-platform-commons-1.8.1.jar;C:\Users\alice\.m2\repository\org\apiguardian\apiguardian-api\1.1.2\apiguardian-api-1.1.2.jar;C:\Users\alice\.m2\repository\org\junit\jupiter\junit-jupiter-params\5.8.1\junit-jupiter-params-5.8.1.jar;C:\Users\alice\.m2\repository\org\junit\jupiter\junit-jupiter-engine\5.8.
Launcher Type: SUN_STANDARD

[Global flags]
     intx CICompilerCount                          = 4                                         {product} {ergonomic}
     uint ConcGCThreads                            = 2                                         {product} {ergonomic}
     uint G1ConcRefinementThreads                  = 8                                         {product} {ergonomic}
   size_t G1HeapRegionSize                         = 1048576                                   {product} {ergonomic}
    uintx GCDrainStackTargetSize                   = 64                                        {product} {ergonomic}
   size_t InitialHeapSize                          = 130023424                                 {product} {ergonomic}
   size_t MarkStackSize                            = 4194304                                   {product} {ergonomic}
   size_t MaxHeapSize                              = 2063597568                                {product} {ergonomic}
   size_t MinHeapDeltaBytes                        = 1048576                                   {product} {ergonomic}
    uintx NonNMethodCodeHeapSize                   = 5836300                                {pd product} {ergonomic}
    uintx NonProfiledCodeHeapSize                  = 122910970                              {pd product} {ergonomic}
    uintx ProfiledCodeHeapSize                     = 122910970                              {pd product} {ergonomic}
    uintx ReservedCodeCacheSize                    = 251658240                              {pd product} {ergonomic}
     bool SegmentedCodeCache                       = true                                      {product} {ergonomic}
     bool UseCompressedClassPointers               = true                                 {lp64_product} {ergonomic}
     bool UseCompressedOops                        = true                                 {lp64_product} {ergonomic}
     bool UseG1GC                                  = true                                      {product} {ergonomic}
     bool UseLargePagesIndividualAllocation        = false                                  {pd product} {ergonomic}

Logging:
Log output configuration:
 #0: stdout all=warning uptime,level,tags
 #1: stderr all=off uptime,level,tags

Environment Variables:
JAVA_HOME=C:\Program Files\AdoptOpenJDK\jdk-11.0.8.10-hotspot\
PATH=C:\Program Files (x86)\Common Files\Oracle\Java\javapath;C:\Program Files\Common Files\Oracle\Java\javapath;C:\Program Files\AdoptOpenJDK\jdk-11.0.8.10-hotspot\bin;C:\WINDOWS\system32;C:\WINDOWS;C:\WINDOWS\System32\Wbem;C:\WINDOWS\System32\WindowsPowerShell\v1.0\;C:\WINDOWS\System32\OpenSSH\;C:\Program Files\Git\cmd;C:\Program Files\dotnet\;C:\Program Files\Docker\Docker\resources\bin;C:\ProgramData\DockerDesktop\version-bin;C:\Program Files\nodejs\;C:\Users\alice\OneDrive\Desktop\tina-3.7.0-amd64-mswin\tina-3.7.0\bin;C:\Users\alice\AppData\Roaming\npm;C:\Users\alice\AppData\Local\Coursier\data\bin
USERNAME=alice
OS=Windows_NT
PROCESSOR_IDENTIFIER=Intel64 Family 6 Model 126 Stepping 5, GenuineIntel



---------------  S Y S T E M  ---------------

OS: Windows 10 , 64 bit Build 22000 (10.0.22000.1335)
OS uptime: 11 days 7:00 hours
HyperV virtualization detected

CPU:total 8 (initial active 8) (4 cores per cpu, 2 threads per core) family 6 model 126 stepping 5, cmov, cx8, fxsr, mmx, sse, sse2, sse3, ssse3, sse4.1, sse4.2, popcnt, avx, avx2, aes, clmul, erms, 3dnowpref, lzcnt, ht, tsc, tscinvbit, bmi1, bmi2, adx, evex, sha, fma

Memory: 4k page, system-wide physical 7869M (906M free)
TotalPageFile size 21431M (AvailPageFile size 125M)
current process WorkingSet (physical memory assigned to process): 10M, peak: 10M
current process commit charge ("private bytes"): 60M, peak: 184M

vm_info: OpenJDK 64-Bit Server VM (11.0.8+10) for windows-amd64 JRE (11.0.8+10), built on Jul 15 2020 11:45:54 by "" with MS VC++ 15.9 (VS2017)

END.
